<?xml version="1.0" encoding="UTF-8"?>
<testng-results skipped="0" failed="0" total="4" passed="4">
  <reporter-output>
  </reporter-output>
  <suite name="Suite" duration-ms="97966" started-at="2018-06-17T05:28:41Z" finished-at="2018-06-17T05:30:19Z">
    <groups>
    </groups>
    <test name="Test" duration-ms="97966" started-at="2018-06-17T05:28:41Z" finished-at="2018-06-17T05:30:19Z">
      <class name="learningTestNG.Vult_TestCases">
        <test-method status="PASS" signature="initalizeDriver()[pri:0, instance:learningTestNG.Vult_TestCases@19dfb72a]" name="initalizeDriver" is-config="true" duration-ms="13631" started-at="2018-06-17T10:58:41Z" finished-at="2018-06-17T10:58:55Z">
          <reporter-output>
          </reporter-output>
        </test-method> <!-- initalizeDriver -->
        <test-method status="PASS" signature="login()[pri:0, instance:learningTestNG.Vult_TestCases@19dfb72a]" name="login" duration-ms="17944" started-at="2018-06-17T10:58:55Z" finished-at="2018-06-17T10:59:13Z">
          <reporter-output>
          </reporter-output>
        </test-method> <!-- login -->
        <test-method status="PASS" signature="navigateTOUserTab()[pri:0, instance:learningTestNG.Vult_TestCases@19dfb72a]" name="navigateTOUserTab" duration-ms="6754" started-at="2018-06-17T10:59:13Z" finished-at="2018-06-17T10:59:20Z">
          <reporter-output>
          </reporter-output>
        </test-method> <!-- navigateTOUserTab -->
        <test-method status="PASS" signature="createUser(java.lang.String, java.lang.String, java.lang.String, java.lang.String, java.lang.String, java.lang.String, java.lang.String, java.lang.String, java.lang.String, java.lang.String)[pri:0, instance:learningTestNG.Vult_TestCases@19dfb72a]" name="createUser" duration-ms="30971" started-at="2018-06-17T10:59:21Z" data-provider="testdata" finished-at="2018-06-17T10:59:52Z">
          <params>
            <param index="0">
              <value>
                <![CDATA[Gtest1]]>
              </value>
            </param>
            <param index="1">
              <value>
                <![CDATA[Gtest2]]>
              </value>
            </param>
            <param index="2">
              <value>
                <![CDATA[Consultant]]>
              </value>
            </param>
            <param index="3">
              <value>
                <![CDATA[gtest.1@gmail.com]]>
              </value>
            </param>
            <param index="4">
              <value>
                <![CDATA[gtest.1@gmail.com]]>
              </value>
            </param>
            <param index="5">
              <value>
                <![CDATA[Hyd]]>
              </value>
            </param>
            <param index="6">
              <value>
                <![CDATA[Arizona [AZ]]]>
              </value>
            </param>
            <param index="7">
              <value>
                <![CDATA[Tel]]>
              </value>
            </param>
            <param index="8">
              <value>
                <![CDATA[524366]]>
              </value>
            </param>
            <param index="9">
              <value>
                <![CDATA[01/21/2018]]>
              </value>
            </param>
          </params>
          <reporter-output>
          </reporter-output>
        </test-method> <!-- createUser -->
        <test-method status="PASS" signature="createUser(java.lang.String, java.lang.String, java.lang.String, java.lang.String, java.lang.String, java.lang.String, java.lang.String, java.lang.String, java.lang.String, java.lang.String)[pri:0, instance:learningTestNG.Vult_TestCases@19dfb72a]" name="createUser" duration-ms="27460" started-at="2018-06-17T10:59:52Z" data-provider="testdata" finished-at="2018-06-17T11:00:19Z">
          <params>
            <param index="0">
              <value>
                <![CDATA[Gtest1]]>
              </value>
            </param>
            <param index="1">
              <value>
                <![CDATA[Gtest2]]>
              </value>
            </param>
            <param index="2">
              <value>
                <![CDATA[Consultant]]>
              </value>
            </param>
            <param index="3">
              <value>
                <![CDATA[g.test1@gmail.com]]>
              </value>
            </param>
            <param index="4">
              <value>
                <![CDATA[gtest1@gmail.com]]>
              </value>
            </param>
            <param index="5">
              <value>
                <![CDATA[Hyd]]>
              </value>
            </param>
            <param index="6">
              <value>
                <![CDATA[Arizona [AZ]]]>
              </value>
            </param>
            <param index="7">
              <value>
                <![CDATA[Tel]]>
              </value>
            </param>
            <param index="8">
              <value>
                <![CDATA[524366]]>
              </value>
            </param>
            <param index="9">
              <value>
                <![CDATA[01/21/2018]]>
              </value>
            </param>
          </params>
          <reporter-output>
          </reporter-output>
        </test-method> <!-- createUser -->
      </class> <!-- learningTestNG.Vult_TestCases -->
    </test> <!-- Test -->
  </suite> <!-- Suite -->
</testng-results>
