<?xml version="1.0" encoding="UTF-8"?>
<testsuite name="TestSuite" time="55.665" tests="4" errors="0" skipped="0" failures="0">
  <properties>
[...]
</properties>
  <testcase name="login" classname="learningTestNG.Vult_TestCases" time="17.946"/>
  <testcase name="navigateTOUserTab" classname="learningTestNG.Vult_TestCases" time="6.751"/>
  <testcase name="createUser" classname="learningTestNG.Vult_TestCases" time="30.968"/>
  <testcase name="createUser" classname="learningTestNG.Vult_TestCases" time="27.46"/>
</testsuite>