<?xml version="1.0" encoding="UTF-8"?>
<testng-results skipped="0" failed="0" total="1" passed="1">
  <reporter-output>
  </reporter-output>
  <suite name="Default suite" duration-ms="19855" started-at="2018-08-09T04:16:53Z" finished-at="2018-08-09T04:17:12Z">
    <groups>
    </groups>
    <test name="Default test" duration-ms="19855" started-at="2018-08-09T04:16:53Z" finished-at="2018-08-09T04:17:12Z">
      <class name="learningTestNG.Hekk">
        <test-method status="PASS" signature="f()[pri:0, instance:learningTestNG.Hekk@f6c48ac]" name="f" duration-ms="19826" started-at="2018-08-09T09:46:53Z" finished-at="2018-08-09T09:47:12Z">
          <reporter-output>
          </reporter-output>
        </test-method> <!-- f -->
      </class> <!-- learningTestNG.Hekk -->
    </test> <!-- Default test -->
  </suite> <!-- Default suite -->
</testng-results>
