<?xml version="1.0" encoding="UTF-8"?>
<!-- Generated by org.testng.reporters.JUnitXMLReporter -->
<testsuite hostname="DESKTOP-U77UHNF" name="Test" tests="3" failures="0" timestamp="2 Jul 2018 04:04:48 GMT" time="90.849" errors="0">
  <testcase name="login" time="19.52" classname="learningTestNG.Project_Vultus"/>
  <testcase name="navigateTOProjectTab" time="18.641" classname="learningTestNG.Project_Vultus"/>
  <testcase name="createProject" time="41.124" classname="learningTestNG.Project_Vultus"/>
</testsuite> <!-- Test -->
