<?xml version="1.0" encoding="UTF-8"?>
<!-- Generated by org.testng.reporters.JUnitXMLReporter -->
<testsuite hostname="DESKTOP-U77UHNF" name="Test" tests="4" failures="0" timestamp="17 Jun 2018 05:30:20 GMT" time="97.966" errors="0">
  <testcase name="login" time="17.944" classname="learningTestNG.Vult_TestCases"/>
  <testcase name="navigateTOUserTab" time="6.754" classname="learningTestNG.Vult_TestCases"/>
  <testcase name="createUser" time="30.971" classname="learningTestNG.Vult_TestCases"/>
  <testcase name="createUser" time="27.46" classname="learningTestNG.Vult_TestCases"/>
</testsuite> <!-- Test -->
